<?xml version="1.0" encoding="UTF-8"?>
<!-- Generated by org.testng.reporters.JUnitReportReporter -->
<testsuite hostname="DESKTOP-B1NR9EK" failures="0" tests="2" name="testcases.LoginPageTest" time="15.275" errors="0" timestamp="04 Jun 2019 00:39:16 GMT" skipped="0">
  <testcase classname="testcases.LoginPageTest" name="loginPageTitle" time="5.659"/>
  <testcase classname="testcases.LoginPageTest" name="loginTest" time="9.616"/>
</testsuite> <!-- testcases.LoginPageTest -->
