<?xml version="1.0" encoding="UTF-8"?>
<!-- Generated by org.testng.reporters.JUnitReportReporter -->
<testsuite hostname="DESKTOP-B1NR9EK" failures="0" tests="3" name="testcases.HomePageTest" time="28.233" errors="0" timestamp="04 Jun 2019 00:39:16 GMT" skipped="0">
  <testcase classname="testcases.HomePageTest" name="verifyHomePageTitle" time="8.456"/>
  <testcase classname="testcases.HomePageTest" name="verifyUserNameTest" time="10.350"/>
  <testcase classname="testcases.HomePageTest" name="verifyContactsLinkTest" time="9.427"/>
</testsuite> <!-- testcases.HomePageTest -->
