<?xml version="1.0" encoding="UTF-8"?>
<!-- Generated by org.testng.reporters.JUnitReportReporter -->
<testsuite hostname="DESKTOP-B1NR9EK" failures="0" tests="1" name="testcases.LoginPageTest" time="5.547" errors="0" timestamp="03 Jun 2019 23:38:51 GMT" skipped="0">
  <testcase classname="testcases.LoginPageTest" name="loginPageTitle" time="5.547"/>
</testsuite> <!-- testcases.LoginPageTest -->
