<?xml version="1.0" encoding="UTF-8"?>
<!-- Generated by org.testng.reporters.JUnitReportReporter -->
<testsuite hostname="DESKTOP-B1NR9EK" failures="0" tests="1" name="testcases.ContactsPageTest" time="11.198" errors="0" timestamp="03 Jun 2019 23:38:51 GMT" skipped="0">
  <testcase classname="testcases.ContactsPageTest" name="verifyContactsPageLabel" time="11.198"/>
</testsuite> <!-- testcases.ContactsPageTest -->
