<?xml version="1.0" encoding="UTF-8"?>
<!-- Generated by org.testng.reporters.JUnitReportReporter -->
<testsuite hostname="DESKTOP-B1NR9EK" failures="0" tests="1" name="testcases.HomePageTest" time="8.447" errors="0" timestamp="03 Jun 2019 23:38:51 GMT" skipped="0">
  <testcase classname="testcases.HomePageTest" name="verifyHomePageTitle" time="8.447"/>
</testsuite> <!-- testcases.HomePageTest -->
